<?xml version="1.0" encoding="UTF-8"?>
<!-- Generated by org.testng.reporters.JUnitReportReporter -->
<testsuite hostname="Mypc" name="grid.GridEg1" tests="2" failures="0" timestamp="29 May 2017 03:10:10 GMT" time="102.016" errors="0">
  <testcase name="grid" time="30.161" classname="grid.GridEg1"/>
  <testcase name="grid" time="71.855" classname="grid.GridEg1"/>
</testsuite> <!-- grid.GridEg1 -->
