<?xml version="1.0" encoding="UTF-8"?>
<!-- Generated by org.testng.reporters.JUnitReportReporter -->
<testsuite hostname="Mypc" name="testNG.EmpregTest" tests="3" failures="0" timestamp="23 May 2017 02:59:31 GMT" time="16.906" errors="0">
  <testcase name="org_Empreg" time="5.334" classname="testNG.EmpregTest"/>
  <testcase name="org_Empreg" time="5.601" classname="testNG.EmpregTest"/>
  <testcase name="org_Empreg" time="5.971" classname="testNG.EmpregTest"/>
</testsuite> <!-- testNG.EmpregTest -->
