<?xml version="1.0" encoding="UTF-8"?>
<!-- Generated by org.testng.reporters.JUnitReportReporter -->
<testsuite hostname="Mypc" name="testNG.BasicAnnotationsEg" tests="3" failures="0" timestamp="22 May 2017 02:54:49 GMT" time="0.049" errors="0">
  <testcase name="apple" time="0.017" classname="testNG.BasicAnnotationsEg"/>
  <testcase name="function1" time="0.022" classname="testNG.BasicAnnotationsEg"/>
  <testcase name="function2" time="0.010" classname="testNG.BasicAnnotationsEg"/>
</testsuite> <!-- testNG.BasicAnnotationsEg -->
