<?xml version="1.0" encoding="UTF-8"?>
<!-- Generated by org.testng.reporters.JUnitReportReporter -->
<testsuite hostname="Mypc" name="testNG.UserregTest" tests="1" failures="0" timestamp="23 May 2017 02:51:12 GMT" time="9.528" errors="0">
  <testcase name="org_Userreg" time="9.528" classname="testNG.UserregTest"/>
</testsuite> <!-- testNG.UserregTest -->
