<?xml version="1.0" encoding="UTF-8"?>
<!-- Generated by org.testng.reporters.JUnitReportReporter -->
<testsuite hostname="Mypc" name="pom.LoginTC" tests="1" failures="0" timestamp="25 May 2017 02:40:02 GMT" time="12.697" errors="0">
  <testcase name="login" time="12.697" classname="pom.LoginTC"/>
</testsuite> <!-- pom.LoginTC -->
