<?xml version="1.0" encoding="UTF-8"?>
<!-- Generated by org.testng.reporters.JUnitReportReporter -->
<testsuite hostname="Mypc" name="driverScripts.Hybrid" tests="1" failures="0" timestamp="24 May 2017 03:00:01 GMT" time="57.532" errors="0">
  <testcase name="key" time="57.532" classname="driverScripts.Hybrid"/>
</testsuite> <!-- driverScripts.Hybrid -->
