<?xml version="1.0" encoding="UTF-8"?>
<!-- Generated by org.testng.reporters.JUnitReportReporter -->
<testsuite hostname="Mypc" name="driverScripts.Keyword" tests="1" failures="0" timestamp="24 May 2017 02:50:51 GMT" time="99.516" errors="0">
  <testcase name="key" time="99.516" classname="driverScripts.Keyword"/>
</testsuite> <!-- driverScripts.Keyword -->
